<?xml version="1.0" encoding="UTF-8"?>
<!-- Generated by org.testng.reporters.JUnitReportReporter -->
<testsuite hostname="MANOJ" failures="0" tests="2" name="BookingTest.BookingTest" time="11.882" errors="0" timestamp="2024-08-13T21:46:23 IST" skipped="0">
  <testcase classname="BookingTest.BookingTest" name="openBrowser" time="6.578"/>
  <system-out/>
  <testcase classname="BookingTest.BookingTest" name="Test" time="5.304"/>
  <system-out/>
</testsuite> <!-- BookingTest.BookingTest -->
