<?xml version="1.0" encoding="UTF-8"?>
<!-- Generated by org.testng.reporters.JUnitReportReporter -->
<testsuite hostname="MANOJ" failures="0" tests="2" name="coverFoxTest.CoverFox_TestBaseUtility_Listner" time="5.159" errors="0" timestamp="2024-08-16T19:53:00 IST" skipped="0">
  <testcase classname="coverFoxTest.CoverFox_TestBaseUtility_Listner" name="validatePresentOfSortButton" time="0.064"/>
  <system-out/>
  <testcase classname="coverFoxTest.CoverFox_TestBaseUtility_Listner" name="validateBanners" time="5.095"/>
  <system-out/>
</testsuite> <!-- coverFoxTest.CoverFox_TestBaseUtility_Listner -->
